# JRE version: Java(TM) SE Runtime Environment (8.0_144-b01) (build 1.8.0_144-b01)
# Java VM: Java HotSpot(TM) 64-Bit Server VM (25.144-b01 mixed mode windows-amd64 compressed oops)
Heap:
 PSYoungGen      total 23552K, used 2894K [0x00000000eab00000, 0x00000000f4300000, 0x0000000100000000)
  eden space 22528K, 8% used [0x00000000eab00000,0x00000000eacf3a58,0x00000000ec100000)
  from space 1024K, 87% used [0x00000000f4080000,0x00000000f4160180,0x00000000f4180000)
  to   space 1536K, 0% used [0x00000000f4180000,0x00000000f4180000,0x00000000f4300000)
 ParOldGen       total 60416K, used 29731K [0x00000000c0000000, 0x00000000c3b00000, 0x00000000eab00000)
  object space 60416K, 49% used [0x00000000c0000000,0x00000000c1d08eb0,0x00000000c3b00000)
 Metaspace       used 61415K, capacity 64396K, committed 64680K, reserved 1105920K
  class space    used 8211K, capacity 8798K, committed 8880K, reserved 1048576K
GC Heap History (10 events):
Event: 261429.229 GC heap before
{Heap before GC invocations=177 (full 6):
 PSYoungGen      total 23552K, used 23152K [0x00000000eab00000, 0x00000000f4580000, 0x0000000100000000)
  eden space 22528K, 100% used [0x00000000eab00000,0x00000000ec100000,0x00000000ec100000)
  from space 1024K, 60% used [0x00000000f4480000,0x00000000f451c130,0x00000000f4580000)
  to   space 1536K, 0% used [0x00000000f4280000,0x00000000f4280000,0x00000000f4400000)
 ParOldGen       total 60416K, used 29731K [0x00000000c0000000, 0x00000000c3b00000, 0x00000000eab00000)
  object space 60416K, 49% used [0x00000000c0000000,0x00000000c1d08eb0,0x00000000c3b00000)
 Metaspace       used 61415K, capacity 64396K, committed 64680K, reserved 1105920K
  class space    used 8211K, capacity 8798K, committed 8880K, reserved 1048576K
Event: 261429.261 GC heap after
Heap after GC invocations=177 (full 6):
 PSYoungGen      total 23552K, used 592K [0x00000000eab00000, 0x00000000f4500000, 0x0000000100000000)
  eden space 22528K, 0% used [0x00000000eab00000,0x00000000eab00000,0x00000000ec100000)
  from space 1024K, 57% used [0x00000000f4280000,0x00000000f4314110,0x00000000f4380000)
  to   space 1536K, 0% used [0x00000000f4380000,0x00000000f4380000,0x00000000f4500000)
 ParOldGen       total 60416K, used 29731K [0x00000000c0000000, 0x00000000c3b00000, 0x00000000eab00000)
  object space 60416K, 49% used [0x00000000c0000000,0x00000000c1d08eb0,0x00000000c3b00000)
 Metaspace       used 61415K, capacity 64396K, committed 64680K, reserved 1105920K
  class space    used 8211K, capacity 8798K, committed 8880K, reserved 1048576K
}
Event: 261960.812 GC heap before
{Heap before GC invocations=178 (full 6):
 PSYoungGen      total 23552K, used 23120K [0x00000000eab00000, 0x00000000f4500000, 0x0000000100000000)
  eden space 22528K, 100% used [0x00000000eab00000,0x00000000ec100000,0x00000000ec100000)
  from space 1024K, 57% used [0x00000000f4280000,0x00000000f4314110,0x00000000f4380000)
  to   space 1536K, 0% used [0x00000000f4380000,0x00000000f4380000,0x00000000f4500000)
 ParOldGen       total 60416K, used 29731K [0x00000000c0000000, 0x00000000c3b00000, 0x00000000eab00000)
  object space 60416K, 49% used [0x00000000c0000000,0x00000000c1d08eb0,0x00000000c3b00000)
 Metaspace       used 61415K, capacity 64396K, committed 64680K, reserved 1105920K
  class space    used 8211K, capacity 8798K, committed 8880K, reserved 1048576K
Event: 261960.829 GC heap after
Heap after GC invocations=178 (full 6):
 PSYoungGen      total 23552K, used 976K [0x00000000eab00000, 0x00000000f4480000, 0x0000000100000000)
  eden space 22528K, 0% used [0x00000000eab00000,0x00000000eab00000,0x00000000ec100000)
  from space 1024K, 95% used [0x00000000f4380000,0x00000000f44741b0,0x00000000f4480000)
  to   space 1536K, 0% used [0x00000000f4180000,0x00000000f4180000,0x00000000f4300000)
 ParOldGen       total 60416K, used 29731K [0x00000000c0000000, 0x00000000c3b00000, 0x00000000eab00000)
  object space 60416K, 49% used [0x00000000c0000000,0x00000000c1d08eb0,0x00000000c3b00000)
 Metaspace       used 61415K, capacity 64396K, committed 64680K, reserved 1105920K
  class space    used 8211K, capacity 8798K, committed 8880K, reserved 1048576K
}
Event: 262547.128 GC heap before
{Heap before GC invocations=179 (full 6):
 PSYoungGen      total 23552K, used 23504K [0x00000000eab00000, 0x00000000f4480000, 0x0000000100000000)
  eden space 22528K, 100% used [0x00000000eab00000,0x00000000ec100000,0x00000000ec100000)
  from space 1024K, 95% used [0x00000000f4380000,0x00000000f44741b0,0x00000000f4480000)
  to   space 1536K, 0% used [0x00000000f4180000,0x00000000f4180000,0x00000000f4300000)
 ParOldGen       total 60416K, used 29731K [0x00000000c0000000, 0x00000000c3b00000, 0x00000000eab00000)
  object space 60416K, 49% used [0x00000000c0000000,0x00000000c1d08eb0,0x00000000c3b00000)
 Metaspace       used 61415K, capacity 64396K, committed 64680K, reserved 1105920K
  class space    used 8211K, capacity 8798K, committed 8880K, reserved 1048576K
Event: 262547.145 GC heap after
Heap after GC invocations=179 (full 6):
 PSYoungGen      total 23552K, used 624K [0x00000000eab00000, 0x00000000f4400000, 0x0000000100000000)
  eden space 22528K, 0% used [0x00000000eab00000,0x00000000eab00000,0x00000000ec100000)
  from space 1024K, 60% used [0x00000000f4180000,0x00000000f421c130,0x00000000f4280000)
  to   space 1536K, 0% used [0x00000000f4280000,0x00000000f4280000,0x00000000f4400000)
 ParOldGen       total 60416K, used 29731K [0x00000000c0000000, 0x00000000c3b00000, 0x00000000eab00000)
  object space 60416K, 49% used [0x00000000c0000000,0x00000000c1d08eb0,0x00000000c3b00000)
 Metaspace       used 61415K, capacity 64396K, committed 64680K, reserved 1105920K
  class space    used 8211K, capacity 8798K, committed 8880K, reserved 1048576K
}
Event: 263129.532 GC heap before
{Heap before GC invocations=180 (full 6):
 PSYoungGen      total 23552K, used 23152K [0x00000000eab00000, 0x00000000f4400000, 0x0000000100000000)
  eden space 22528K, 100% used [0x00000000eab00000,0x00000000ec100000,0x00000000ec100000)
  from space 1024K, 60% used [0x00000000f4180000,0x00000000f421c130,0x00000000f4280000)
  to   space 1536K, 0% used [0x00000000f4280000,0x00000000f4280000,0x00000000f4400000)
 ParOldGen       total 60416K, used 29731K [0x00000000c0000000, 0x00000000c3b00000, 0x00000000eab00000)
  object space 60416K, 49% used [0x00000000c0000000,0x00000000c1d08eb0,0x00000000c3b00000)
 Metaspace       used 61415K, capacity 64396K, committed 64680K, reserved 1105920K
  class space    used 8211K, capacity 8798K, committed 8880K, reserved 1048576K
Event: 263129.539 GC heap after
Heap after GC invocations=180 (full 6):
 PSYoungGen      total 23552K, used 608K [0x00000000eab00000, 0x00000000f4380000, 0x0000000100000000)
  eden space 22528K, 0% used [0x00000000eab00000,0x00000000eab00000,0x00000000ec100000)
  from space 1024K, 59% used [0x00000000f4280000,0x00000000f43180e0,0x00000000f4380000)
  to   space 1536K, 0% used [0x00000000f4080000,0x00000000f4080000,0x00000000f4200000)
 ParOldGen       total 60416K, used 29731K [0x00000000c0000000, 0x00000000c3b00000, 0x00000000eab00000)
  object space 60416K, 49% used [0x00000000c0000000,0x00000000c1d08eb0,0x00000000c3b00000)
 Metaspace       used 61415K, capacity 64396K, committed 64680K, reserved 1105920K
  class space    used 8211K, capacity 8798K, committed 8880K, reserved 1048576K
}
Event: 263669.776 GC heap before
{Heap before GC invocations=181 (full 6):
 PSYoungGen      total 23552K, used 23136K [0x00000000eab00000, 0x00000000f4380000, 0x0000000100000000)
  eden space 22528K, 100% used [0x00000000eab00000,0x00000000ec100000,0x00000000ec100000)
  from space 1024K, 59% used [0x00000000f4280000,0x00000000f43180e0,0x00000000f4380000)
  to   space 1536K, 0% used [0x00000000f4080000,0x00000000f4080000,0x00000000f4200000)
 ParOldGen       total 60416K, used 29731K [0x00000000c0000000, 0x00000000c3b00000, 0x00000000eab00000)
  object space 60416K, 49% used [0x00000000c0000000,0x00000000c1d08eb0,0x00000000c3b00000)
 Metaspace       used 61415K, capacity 64396K, committed 64680K, reserved 1105920K
  class space    used 8211K, capacity 8798K, committed 8880K, reserved 1048576K
Event: 263669.908 GC heap after
Heap after GC invocations=181 (full 6):
 PSYoungGen      total 23552K, used 896K [0x00000000eab00000, 0x00000000f4300000, 0x0000000100000000)
  eden space 22528K, 0% used [0x00000000eab00000,0x00000000eab00000,0x00000000ec100000)
  from space 1024K, 87% used [0x00000000f4080000,0x00000000f4160180,0x00000000f4180000)
  to   space 1536K, 0% used [0x00000000f4180000,0x00000000f4180000,0x00000000f4300000)
 ParOldGen       total 60416K, used 29731K [0x00000000c0000000, 0x00000000c3b00000, 0x00000000eab00000)
  object space 60416K, 49% used [0x00000000c0000000,0x00000000c1d08eb0,0x00000000c3b00000)
 Metaspace       used 61415K, capacity 64396K, committed 64680K, reserved 1105920K
  class space    used 8211K, capacity 8798K, committed 8880K, reserved 1048576K
}

